 
*** VICE Version 3.1, rev 32893:33058M ***
OS compiled for: WIN32
GUI compiled for: NATIVE
CPU compiled for: 80386
Compiler used: GCC-3.4.5
Current OS: Windows 10 Pro (WOW64 X64)
Current CPU: Intel Pentium Pro/II/III/Celeron/Core/Core 2/Atom
 
Welcome to x64, the free portable C64 Emulator.
 
Current VICE team members:
Martin Pottendorfer, Marco van den Heuvel, Fabrizio Gennari, Groepaz, 
Olaf Seibert, Marcus Sutton, Kajtar Zsolt, AreaScout, Bas Wassink.
 
This is free software with ABSOLUTELY NO WARRANTY.
See the "About VICE" command for more info.
 
Loading system file `C:\Users\horn\Downloads\C64\Tools\WinVICE-3.1-x86\C64\kernal'.
Loading system file `C:\Users\horn\Downloads\C64\Tools\WinVICE-3.1-x86\C64\basic'.
Loading system file `C:\Users\horn\Downloads\C64\Tools\WinVICE-3.1-x86\C64\chargen'.
Loading system file `C:\Users\horn\Downloads\C64\Tools\WinVICE-3.1-x86\PRINTER\mps803'.
Palette: Loading palette `C:\Users\horn\Downloads\C64\Tools\WinVICE-3.1-x86\PRINTER\mps803.vpl'.
Loading system file `C:\Users\horn\Downloads\C64\Tools\WinVICE-3.1-x86\PRINTER\nl10-cbm'.
Palette: Loading palette `C:\Users\horn\Downloads\C64\Tools\WinVICE-3.1-x86\PRINTER\nl10.vpl'.
NL10: Printer driver initialized.
Palette: Loading palette `C:\Users\horn\Downloads\C64\Tools\WinVICE-3.1-x86\PRINTER\1520.vpl'.
Loading system file `C:\Users\horn\Downloads\C64\Tools\WinVICE-3.1-x86\DRIVES\dos1540'.
Loading system file `C:\Users\horn\Downloads\C64\Tools\WinVICE-3.1-x86\DRIVES\dos1541'.
Loading system file `C:\Users\horn\Downloads\C64\Tools\WinVICE-3.1-x86\DRIVES\d1541II'.
Loading system file `C:\Users\horn\Downloads\C64\Tools\WinVICE-3.1-x86\DRIVES\dos1570'.
Loading system file `C:\Users\horn\Downloads\C64\Tools\WinVICE-3.1-x86\DRIVES\dos1571'.
Loading system file `C:\Users\horn\Downloads\C64\Tools\WinVICE-3.1-x86\DRIVES\dos1581'.
DriveROM: Error - 2000 ROM image not found. Hardware-level 2000 emulation is not available.
DriveROM: Error - 4000 ROM image not found. Hardware-level 4000 emulation is not available.
Loading system file `C:\Users\horn\Downloads\C64\Tools\WinVICE-3.1-x86\DRIVES\dos2031'.
Loading system file `C:\Users\horn\Downloads\C64\Tools\WinVICE-3.1-x86\DRIVES\dos2040'.
Loading system file `C:\Users\horn\Downloads\C64\Tools\WinVICE-3.1-x86\DRIVES\dos3040'.
Loading system file `C:\Users\horn\Downloads\C64\Tools\WinVICE-3.1-x86\DRIVES\dos4040'.
Loading system file `C:\Users\horn\Downloads\C64\Tools\WinVICE-3.1-x86\DRIVES\dos1001'.
Drive: Finished loading ROM images.
video_dx9: Failed to prepare for rendering!
Sound: Available sound devices: dx wmm dummy fs dump wav voc iff aiff mp3 flac ogg soundmovie
Keyboard: Loading keymap `C:\Users\horn\Downloads\C64\Tools\WinVICE-3.1-x86\C64\win_sym_de.vkm'.
AUTOSTART: Autodetecting image type of `loader.prg'.
Filesystem Image Probe: Error - Import GCR: Unknown GCR image version 48.
Filesystem Image: Unknown disk image `loader.prg'.
Tape: Error - Cannot open file `loader.prg'
Error - CRT header invalid.
CART: 'loader.prg' is not a valid CRT file.
AUTOSTART: Loading PRG file `loader.prg' with autostart disk image.
AUTOSTART: Turning true drive emulation off.
AUTOSTART: Turning true drive emulation on.
AUTOSTART: Resetting the machine to autostart '*'
Drive 8: RESET.
Sound: Opened device `dx', speed 44100Hz, fragment size 2.9ms, buffer size 101ms
reSID: MOS8580, filter on, sampling rate 44100Hz - resampling, pass to 19845Hz
AUTOSTART: Turning Warp mode on
AUTOSTART: `loader.prg' recognized as program/p00 file.
Main CPU: starting at ($FFFC).
Main CPU: RESET.
Drive 8: RESET.
AUTOSTART: Loading program '*'
AUTOSTART: Searching for ...
AUTOSTART: Loading
AUTOSTART: Entered ROM at $ee5a
AUTOSTART: Ready
AUTOSTART: Turning Warp mode off
AUTOSTART: Starting program.
AUTOSTART: Done.

Exiting...
Sound: Closing device `dx'
