parsing
flex pass 1
flex pass 2
flex pass 3
Output pass
  File creation disabled (no breakpoint file created)

Memory Map
----------
Default-segment:
  $0801-$080c Basic
  $080e-$0dac Basic End
  $1000-$1d77 Music
  $2000-$241f Charset1
  $2420-$25ff Screen1
  $2600-$27df Scrren2
  $2800-$2c5f Charset2
  $2c60-$2e5f Charset1x1

Writing prg file: H:\Daten\C64\Sources\KickAss\loader\src\loader.prg
Writing Vice symbol file: H:\Daten\C64\Sources\KickAss\loader\src\loader.vs
Writing Symbol file: loader.sym
